{
  "RSpec": {
    "coverage": {
      "/Users/james/ruby/makers/weektwo/oystercard-challenge/spec/journey_spec.rb": {
        "lines": [
          1,
          null,
          1,
          5,
          3,
          null,
          1,
          1,
          null,
          null,
          1,
          1,
          null,
          null,
          1,
          1,
          1,
          null,
          null,
          null,
          1,
          5,
          null,
          1,
          1,
          null,
          null,
          1,
          1,
          null,
          null,
          1,
          1,
          2,
          null,
          null,
          1,
          1,
          null,
          null,
          1,
          1,
          null,
          null,
          null,
          null
        ]
      },
      "/Users/james/ruby/makers/weektwo/oystercard-challenge/lib/journey.rb": {
        "lines": [
          1,
          1,
          null,
          1,
          null,
          1,
          8,
          null,
          null,
          1,
          4,
          null,
          null,
          1,
          5,
          null,
          null,
          1,
          2,
          null,
          null
        ]
      },
      "/Users/james/ruby/makers/weektwo/oystercard-challenge/spec/journeylog_spec.rb": {
        "lines": [
          1,
          null,
          1,
          3,
          1,
          null,
          4,
          4,
          4,
          null,
          null,
          null,
          1,
          1,
          1,
          1,
          null,
          null,
          1,
          1,
          1,
          1,
          null,
          null,
          null,
          1,
          null,
          null,
          null,
          1,
          1,
          1,
          null,
          null,
          null
        ]
      },
      "/Users/james/ruby/makers/weektwo/oystercard-challenge/lib/journeylog.rb": {
        "lines": [
          1,
          1,
          null,
          1,
          3,
          3,
          null,
          null,
          1,
          2,
          2,
          null,
          null,
          1,
          0,
          null,
          null,
          1,
          2,
          null,
          null,
          1,
          1,
          0,
          null,
          null,
          1,
          2,
          null,
          null
        ]
      },
      "/Users/james/ruby/makers/weektwo/oystercard-challenge/spec/oystercard_spec.rb": {
        "lines": [
          1,
          null,
          1,
          3,
          3,
          2,
          1,
          null,
          1,
          1,
          null,
          null,
          1,
          2,
          null,
          1,
          1,
          1,
          null,
          null,
          1,
          2,
          null,
          null,
          null,
          1,
          4,
          null,
          null,
          null,
          null,
          1,
          2,
          null,
          1,
          1,
          0,
          0,
          null,
          null,
          1,
          0,
          null,
          null,
          null,
          1,
          1,
          2,
          null,
          null,
          null,
          null,
          null,
          1,
          2,
          null,
          1,
          1,
          1,
          1,
          1,
          null,
          null,
          1,
          0,
          null,
          null,
          1,
          4,
          null,
          null,
          null,
          null
        ]
      },
      "/Users/james/ruby/makers/weektwo/oystercard-challenge/lib/oystercard.rb": {
        "lines": [
          1,
          1,
          null,
          1,
          1,
          null,
          1,
          1,
          null,
          1,
          8,
          null,
          null,
          1,
          4,
          null,
          3,
          null,
          null,
          1,
          2,
          null,
          1,
          null,
          null,
          1,
          2,
          2,
          null,
          null,
          1,
          null,
          1,
          2,
          null,
          null,
          1,
          4,
          null,
          null,
          1,
          2,
          null,
          null
        ]
      },
      "/Users/james/ruby/makers/weektwo/oystercard-challenge/lib/station.rb": {
        "lines": [
          1,
          1,
          1,
          null,
          1,
          2,
          2,
          null,
          null
        ]
      },
      "/Users/james/ruby/makers/weektwo/oystercard-challenge/spec/station_spec.rb": {
        "lines": [
          1,
          null,
          1,
          3,
          null,
          1,
          1,
          null,
          null,
          1,
          1,
          null,
          null
        ]
      }
    },
    "timestamp": 1597323069
  }
}
